app/build/intermediates/manifest_merge_blame_file/debug/manifest-merger-blame-debug-report.txt
1<?xml version="1.0" encoding="utf-8"?>
2<manifest xmlns:android="http://schemas.android.com/apk/res/android"
3    package="com.example.finalproject"
4    android:versionCode="1"
5    android:versionName="1.0" >
6
7    <uses-sdk
8        android:minSdkVersion="22"
8-->src\main\AndroidManifest.xml
9        android:targetSdkVersion="30" />
9-->src\main\AndroidManifest.xml
10
11    <uses-permission android:name="android.permission.INTERNET" />
11-->src\main\AndroidManifest.xml:5:5-67
11-->src\main\AndroidManifest.xml:5:22-64
12    <uses-permission android:name="android.permission.WRITE_EXTERNAL_STORAGE" />
12-->src\main\AndroidManifest.xml:6:5-80
12-->src\main\AndroidManifest.xml:6:22-78
13    <uses-permission android:name="android.permission.READ_EXTERNAL_STORAGE" />
13-->src\main\AndroidManifest.xml:7:5-79
13-->src\main\AndroidManifest.xml:7:22-77
14
15    <!-- Although the *SdkVersion is captured in gradle build files, this is required for non gradle builds -->
16    <!-- <uses-sdk android:minSdkVersion="14"/> -->
17    <uses-permission android:name="android.permission.ACCESS_NETWORK_STATE" />
17-->[com.google.firebase:firebase-storage:19.2.1] AndroidManifest.xml:26:5-79
17-->[com.google.firebase:firebase-storage:19.2.1] AndroidManifest.xml:26:22-76
18
19    <application
19-->src\main\AndroidManifest.xml:9:5-36:19
20        android:allowBackup="true"
20-->src\main\AndroidManifest.xml:10:9-35
21        android:appComponentFactory="androidx.core.app.CoreComponentFactory"
21-->[androidx.core:core:1.3.1] AndroidManifest.xml:24:18-86
22        android:debuggable="true"
23        android:icon="@mipmap/ic_launcher"
23-->src\main\AndroidManifest.xml:11:9-43
24        android:label="@string/app_name"
24-->src\main\AndroidManifest.xml:12:9-41
25        android:roundIcon="@mipmap/ic_launcher_round"
25-->src\main\AndroidManifest.xml:13:9-54
26        android:supportsRtl="true"
26-->src\main\AndroidManifest.xml:14:9-35
27        android:theme="@style/Theme.FinalProject" >
27-->src\main\AndroidManifest.xml:15:9-50
28        <activity android:name="com.example.finalproject.java.Istructor.InstructorActivity" >
28-->src\main\AndroidManifest.xml:16:9-18:20
28-->src\main\AndroidManifest.xml:16:19-68
29        </activity>
30        <activity android:name="com.example.finalproject.java.Student.StudentActivity" >
30-->src\main\AndroidManifest.xml:19:9-21:20
30-->src\main\AndroidManifest.xml:19:19-63
31        </activity>
32        <activity android:name="com.example.finalproject.java.SignUp.SignUpActivity" >
32-->src\main\AndroidManifest.xml:22:9-24:20
32-->src\main\AndroidManifest.xml:22:19-61
33        </activity>
34        <activity android:name="com.example.finalproject.java.Login.LoginActivity" >
34-->src\main\AndroidManifest.xml:25:9-31:20
34-->src\main\AndroidManifest.xml:25:19-59
35            <intent-filter>
35-->src\main\AndroidManifest.xml:26:13-30:29
36                <action android:name="android.intent.action.MAIN" />
36-->src\main\AndroidManifest.xml:27:17-69
36-->src\main\AndroidManifest.xml:27:25-66
37
38                <category android:name="android.intent.category.LAUNCHER" />
38-->src\main\AndroidManifest.xml:29:17-77
38-->src\main\AndroidManifest.xml:29:27-74
39            </intent-filter>
40        </activity>
41
42        <meta-data
42-->src\main\AndroidManifest.xml:33:9-35:57
43            android:name="preloaded_fonts"
43-->src\main\AndroidManifest.xml:34:13-43
44            android:resource="@array/preloaded_fonts" />
44-->src\main\AndroidManifest.xml:35:13-54
45
46        <activity
46-->[com.google.firebase:firebase-auth:19.2.0] AndroidManifest.xml:24:9-31:50
47            android:name="com.google.firebase.auth.internal.FederatedSignInActivity"
47-->[com.google.firebase:firebase-auth:19.2.0] AndroidManifest.xml:25:13-85
48            android:excludeFromRecents="true"
48-->[com.google.firebase:firebase-auth:19.2.0] AndroidManifest.xml:26:13-46
49            android:exported="true"
49-->[com.google.firebase:firebase-auth:19.2.0] AndroidManifest.xml:27:13-36
50            android:launchMode="singleTask"
50-->[com.google.firebase:firebase-auth:19.2.0] AndroidManifest.xml:28:13-44
51            android:permission="com.google.firebase.auth.api.gms.permission.LAUNCH_FEDERATED_SIGN_IN"
51-->[com.google.firebase:firebase-auth:19.2.0] AndroidManifest.xml:29:13-102
52            android:theme="@android:style/Theme.Translucent.NoTitleBar" />
52-->[com.google.firebase:firebase-auth:19.2.0] AndroidManifest.xml:30:13-72
53
54        <service
54-->[com.google.firebase:firebase-auth:19.2.0] AndroidManifest.xml:33:9-39:19
55            android:name="com.google.firebase.components.ComponentDiscoveryService"
55-->[com.google.firebase:firebase-auth:19.2.0] AndroidManifest.xml:34:13-84
56            android:directBootAware="true"
56-->[com.google.firebase:firebase-common:19.5.0] AndroidManifest.xml:35:13-43
57            android:exported="false" >
57-->[com.google.firebase:firebase-auth:19.2.0] AndroidManifest.xml:35:13-37
58            <meta-data
58-->[com.google.firebase:firebase-auth:19.2.0] AndroidManifest.xml:36:13-38:85
59                android:name="com.google.firebase.components:com.google.firebase.auth.FirebaseAuthRegistrar"
59-->[com.google.firebase:firebase-auth:19.2.0] AndroidManifest.xml:37:17-109
60                android:value="com.google.firebase.components.ComponentRegistrar" />
60-->[com.google.firebase:firebase-auth:19.2.0] AndroidManifest.xml:38:17-82
61            <meta-data
61-->[com.google.firebase:firebase-storage:19.2.1] AndroidManifest.xml:33:13-35:85
62                android:name="com.google.firebase.components:com.google.firebase.storage.StorageRegistrar"
62-->[com.google.firebase:firebase-storage:19.2.1] AndroidManifest.xml:34:17-107
63                android:value="com.google.firebase.components.ComponentRegistrar" />
63-->[com.google.firebase:firebase-storage:19.2.1] AndroidManifest.xml:35:17-82
64            <meta-data
64-->[com.google.firebase:firebase-database:19.6.0] AndroidManifest.xml:32:13-34:85
65                android:name="com.google.firebase.components:com.google.firebase.database.DatabaseRegistrar"
65-->[com.google.firebase:firebase-database:19.6.0] AndroidManifest.xml:33:17-109
66                android:value="com.google.firebase.components.ComponentRegistrar" />
66-->[com.google.firebase:firebase-database:19.6.0] AndroidManifest.xml:34:17-82
67            <!--
68                This registrar is not defined in the dynamic-module-support sdk itself to allow non-firebase
69                clients to use it as well, by defining this registrar in their own core/common library.
70            -->
71            <meta-data
71-->[com.google.firebase:firebase-common:19.5.0] AndroidManifest.xml:43:13-45:85
72                android:name="com.google.firebase.components:com.google.firebase.dynamicloading.DynamicLoadingRegistrar"
72-->[com.google.firebase:firebase-common:19.5.0] AndroidManifest.xml:44:17-121
73                android:value="com.google.firebase.components.ComponentRegistrar" />
73-->[com.google.firebase:firebase-common:19.5.0] AndroidManifest.xml:45:17-82
74        </service>
75
76        <activity
76-->[com.google.android.gms:play-services-base:17.1.0] AndroidManifest.xml:23:9-26:75
77            android:name="com.google.android.gms.common.api.GoogleApiActivity"
77-->[com.google.android.gms:play-services-base:17.1.0] AndroidManifest.xml:24:13-79
78            android:exported="false"
78-->[com.google.android.gms:play-services-base:17.1.0] AndroidManifest.xml:25:13-37
79            android:theme="@android:style/Theme.Translucent.NoTitleBar" />
79-->[com.google.android.gms:play-services-base:17.1.0] AndroidManifest.xml:26:13-72
80
81        <provider
81-->[com.google.firebase:firebase-common:19.5.0] AndroidManifest.xml:26:9-31:39
82            android:name="com.google.firebase.provider.FirebaseInitProvider"
82-->[com.google.firebase:firebase-common:19.5.0] AndroidManifest.xml:27:13-77
83            android:authorities="com.example.finalproject.firebaseinitprovider"
83-->[com.google.firebase:firebase-common:19.5.0] AndroidManifest.xml:28:13-72
84            android:directBootAware="true"
84-->[com.google.firebase:firebase-common:19.5.0] AndroidManifest.xml:29:13-43
85            android:exported="false"
85-->[com.google.firebase:firebase-common:19.5.0] AndroidManifest.xml:30:13-37
86            android:initOrder="100" />
86-->[com.google.firebase:firebase-common:19.5.0] AndroidManifest.xml:31:13-36
87
88        <meta-data
88-->[com.google.android.gms:play-services-basement:17.0.0] AndroidManifest.xml:23:9-25:69
89            android:name="com.google.android.gms.version"
89-->[com.google.android.gms:play-services-basement:17.0.0] AndroidManifest.xml:24:13-58
90            android:value="@integer/google_play_services_version" />
90-->[com.google.android.gms:play-services-basement:17.0.0] AndroidManifest.xml:25:13-66
91    </application>
92
93</manifest>